<?xml version="1.0" encoding="UTF-8"?>
<!-- Generated by org.testng.reporters.JUnitReportReporter -->
<testsuite hostname="COGNINE-L210" failures="0" tests="1" name="testRunner.Runner" time="36.942" errors="0" timestamp="2024-09-23T00:03:44 IST" skipped="0">
  <testcase classname="testRunner.Runner" name="runScenario" time="36.942"/>
</testsuite> <!-- testRunner.Runner -->
